----------------------------------------
Wed Jun 13 08:35:17 UTC 2012
Already up-to-date.
----------------------------------------
Wed Jun 13 08:35:26 UTC 2012
----------------------------------------
Wed Jun 13 08:36:28 UTC 2012
Already up-to-date.
----------------------------------------
Wed Jun 13 08:37:16 UTC 2012
Already up-to-date.
----------------------------------------
Wed Jun 13 08:38:25 UTC 2012
Already up-to-date.
----------------------------------------
Wed Jun 13 08:39:39 UTC 2012
Already up-to-date.
----------------------------------------
Wed Jun 13 08:39:45 UTC 2012
Already up-to-date.
----------------------------------------
Wed Jun 13 08:49:40 UTC 2012
Updating 3c514a1..ddb5328
Fast-forward
 README.md              |    6 +++++-
 index.html             |    3 +++
 style/images/cover.jpg |  Bin 0 -> 164987 bytes
 3 files changed, 8 insertions(+), 1 deletion(-)
 create mode 100644 style/images/cover.jpg
